<?xml version="1.0" encoding="UTF-8"?>
<!-- Generated by org.testng.reporters.JUnitXMLReporter -->
<testsuite ignored="0" hostname="LAPTOP-OGF7ESTH" failures="0" tests="1" name="login" time="0.045" errors="0" timestamp="2024-02-04T15:55:02 IST">
  <testcase classname="testBase.Reusable" name="@BeforeTest openbrowser" time="-1.707042302363E9">
    <failure type="org.testng.TestNGException" message="
Can inject only one of &amp;lt;ITestContext, XmlTest&amp;gt; into a @BeforeTest annotated openbrowser.
For more information on native dependency injection please refer to https://testng.org/doc/documentation-main.html#native-dependency-injection">
      <![CDATA[org.testng.TestNGException: 
Can inject only one of <ITestContext, XmlTest> into a @BeforeTest annotated openbrowser.
For more information on native dependency injection please refer to https://testng.org/doc/documentation-main.html#native-dependency-injection
... Removed 21 stack frames]]>
    </failure>
  </testcase> <!-- @BeforeTest openbrowser -->
  <testcase classname="testBase.Reusable" name="@AfterTest closebrowser" time="0.0">
    <skipped/>
  </testcase> <!-- @AfterTest closebrowser -->
  <testcase classname="loginTestCase.loginTestCase" name="login" time="0.0">
    <skipped/>
  </testcase> <!-- login -->
</testsuite> <!-- login -->
