<?xml version="1.0" encoding="UTF-8"?>
<testng-results ignored="0" total="4" passed="4" failed="0" skipped="0">
  <reporter-output>
  </reporter-output>
  <suite started-at="2024-02-18T19:46:53 IST" name="Suite" finished-at="2024-02-18T19:47:44 IST" duration-ms="51496">
    <groups>
    </groups>
    <test started-at="2024-02-18T19:46:53 IST" name="loginTestCase" finished-at="2024-02-18T19:46:59 IST" duration-ms="6522">
      <class name="loginTestCase.loginTestCase">
        <test-method is-config="true" signature="setup(java.lang.String)[pri:0, instance:loginTestCase.loginTestCase@367ffa75]" started-at="2024-02-18T19:46:53 IST" name="setup" finished-at="2024-02-18T19:46:57 IST" duration-ms="4431" status="PASS">
          <params>
            <param index="0">
              <value>
                <![CDATA[Chrome]]>
              </value>
            </param>
          </params>
          <reporter-output>
          </reporter-output>
        </test-method> <!-- setup -->
        <test-method signature="login()[pri:0, instance:loginTestCase.loginTestCase@367ffa75]" started-at="2024-02-18T19:46:57 IST" name="login" finished-at="2024-02-18T19:46:59 IST" duration-ms="1990" status="PASS">
          <reporter-output>
          </reporter-output>
        </test-method> <!-- login -->
        <test-method is-config="true" signature="teardown()[pri:0, instance:loginTestCase.loginTestCase@367ffa75]" started-at="2024-02-18T19:46:59 IST" name="teardown" finished-at="2024-02-18T19:46:59 IST" duration-ms="72" status="PASS">
          <reporter-output>
          </reporter-output>
        </test-method> <!-- teardown -->
      </class> <!-- loginTestCase.loginTestCase -->
    </test> <!-- loginTestCase -->
    <test started-at="2024-02-18T19:46:59 IST" name="adminTestCase" finished-at="2024-02-18T19:47:16 IST" duration-ms="16195">
      <class name="loginTestCase.adminTestCase">
        <test-method is-config="true" signature="setup(java.lang.String)[pri:0, instance:loginTestCase.adminTestCase@5fbe4146]" started-at="2024-02-18T19:46:59 IST" name="setup" finished-at="2024-02-18T19:47:03 IST" duration-ms="3189" status="PASS">
          <params>
            <param index="0">
              <value>
                <![CDATA[Chrome]]>
              </value>
            </param>
          </params>
          <reporter-output>
          </reporter-output>
        </test-method> <!-- setup -->
        <test-method signature="adminPage()[pri:0, instance:loginTestCase.adminTestCase@5fbe4146]" started-at="2024-02-18T19:47:03 IST" name="adminPage" finished-at="2024-02-18T19:47:16 IST" duration-ms="12883" status="PASS">
          <reporter-output>
          </reporter-output>
        </test-method> <!-- adminPage -->
        <test-method is-config="true" signature="teardown()[pri:0, instance:loginTestCase.adminTestCase@5fbe4146]" started-at="2024-02-18T19:47:16 IST" name="teardown" finished-at="2024-02-18T19:47:16 IST" duration-ms="119" status="PASS">
          <reporter-output>
          </reporter-output>
        </test-method> <!-- teardown -->
      </class> <!-- loginTestCase.adminTestCase -->
    </test> <!-- adminTestCase -->
    <test started-at="2024-02-18T19:47:16 IST" name="pimTestCase" finished-at="2024-02-18T19:47:44 IST" duration-ms="28728">
      <class name="loginTestCase.pimTestCase">
        <test-method is-config="true" signature="setup(java.lang.String)[pri:0, instance:loginTestCase.pimTestCase@71e9ddb4]" started-at="2024-02-18T19:47:16 IST" name="setup" finished-at="2024-02-18T19:47:19 IST" duration-ms="3038" status="PASS">
          <params>
            <param index="0">
              <value>
                <![CDATA[Chrome]]>
              </value>
            </param>
          </params>
          <reporter-output>
          </reporter-output>
        </test-method> <!-- setup -->
        <test-method signature="pimpage()[pri:1, instance:loginTestCase.pimTestCase@71e9ddb4]" started-at="2024-02-18T19:47:19 IST" name="pimpage" finished-at="2024-02-18T19:47:37 IST" duration-ms="18350" status="PASS">
          <reporter-output>
          </reporter-output>
        </test-method> <!-- pimpage -->
        <test-method signature="pimDetails()[pri:2, instance:loginTestCase.pimTestCase@71e9ddb4]" started-at="2024-02-18T19:47:37 IST" name="pimDetails" finished-at="2024-02-18T19:47:44 IST" duration-ms="7186" status="PASS">
          <reporter-output>
          </reporter-output>
        </test-method> <!-- pimDetails -->
        <test-method is-config="true" signature="teardown()[pri:0, instance:loginTestCase.pimTestCase@71e9ddb4]" started-at="2024-02-18T19:47:44 IST" name="teardown" finished-at="2024-02-18T19:47:44 IST" duration-ms="144" status="PASS">
          <reporter-output>
          </reporter-output>
        </test-method> <!-- teardown -->
      </class> <!-- loginTestCase.pimTestCase -->
    </test> <!-- pimTestCase -->
  </suite> <!-- Suite -->
</testng-results>
