<?xml version="1.0" encoding="UTF-8"?>
<testng-results ignored="0" total="5" passed="5" failed="0" skipped="0">
  <reporter-output>
  </reporter-output>
  <suite started-at="2024-02-19T23:19:34 IST" name="Suite" finished-at="2024-02-19T23:20:53 IST" duration-ms="79465">
    <groups>
    </groups>
    <test started-at="2024-02-19T23:19:34 IST" name="loginTestCase" finished-at="2024-02-19T23:19:40 IST" duration-ms="6663">
      <class name="loginTestCase.loginTestCase">
        <test-method is-config="true" signature="setup(java.lang.String)[pri:0, instance:loginTestCase.loginTestCase@367ffa75]" started-at="2024-02-19T23:19:34 IST" name="setup" finished-at="2024-02-19T23:19:39 IST" duration-ms="4814" status="PASS">
          <params>
            <param index="0">
              <value>
                <![CDATA[Chrome]]>
              </value>
            </param>
          </params>
          <reporter-output>
          </reporter-output>
        </test-method> <!-- setup -->
        <test-method signature="login()[pri:0, instance:loginTestCase.loginTestCase@367ffa75]" started-at="2024-02-19T23:19:39 IST" name="login" finished-at="2024-02-19T23:19:40 IST" duration-ms="1710" status="PASS">
          <reporter-output>
          </reporter-output>
        </test-method> <!-- login -->
        <test-method is-config="true" signature="teardown()[pri:0, instance:loginTestCase.loginTestCase@367ffa75]" started-at="2024-02-19T23:19:40 IST" name="teardown" finished-at="2024-02-19T23:19:40 IST" duration-ms="107" status="PASS">
          <reporter-output>
          </reporter-output>
        </test-method> <!-- teardown -->
      </class> <!-- loginTestCase.loginTestCase -->
    </test> <!-- loginTestCase -->
    <test started-at="2024-02-19T23:19:41 IST" name="adminTestCase" finished-at="2024-02-19T23:19:56 IST" duration-ms="15964">
      <class name="loginTestCase.adminTestCase">
        <test-method is-config="true" signature="setup(java.lang.String)[pri:0, instance:loginTestCase.adminTestCase@5fbe4146]" started-at="2024-02-19T23:19:41 IST" name="setup" finished-at="2024-02-19T23:19:44 IST" duration-ms="3388" status="PASS">
          <params>
            <param index="0">
              <value>
                <![CDATA[Chrome]]>
              </value>
            </param>
          </params>
          <reporter-output>
          </reporter-output>
        </test-method> <!-- setup -->
        <test-method signature="adminPage()[pri:0, instance:loginTestCase.adminTestCase@5fbe4146]" started-at="2024-02-19T23:19:44 IST" name="adminPage" finished-at="2024-02-19T23:19:56 IST" duration-ms="12417" status="PASS">
          <reporter-output>
          </reporter-output>
        </test-method> <!-- adminPage -->
        <test-method is-config="true" signature="teardown()[pri:0, instance:loginTestCase.adminTestCase@5fbe4146]" started-at="2024-02-19T23:19:56 IST" name="teardown" finished-at="2024-02-19T23:19:56 IST" duration-ms="152" status="PASS">
          <reporter-output>
          </reporter-output>
        </test-method> <!-- teardown -->
      </class> <!-- loginTestCase.adminTestCase -->
    </test> <!-- adminTestCase -->
    <test started-at="2024-02-19T23:19:56 IST" name="pimTestCase" finished-at="2024-02-19T23:20:39 IST" duration-ms="42439">
      <class name="loginTestCase.pimTestCase">
        <test-method is-config="true" signature="setup(java.lang.String)[pri:0, instance:loginTestCase.pimTestCase@71e9ddb4]" started-at="2024-02-19T23:19:56 IST" name="setup" finished-at="2024-02-19T23:20:02 IST" duration-ms="5440" status="PASS">
          <params>
            <param index="0">
              <value>
                <![CDATA[Chrome]]>
              </value>
            </param>
          </params>
          <reporter-output>
          </reporter-output>
        </test-method> <!-- setup -->
        <test-method signature="pimpage()[pri:1, instance:loginTestCase.pimTestCase@71e9ddb4]" started-at="2024-02-19T23:20:02 IST" name="pimpage" finished-at="2024-02-19T23:20:23 IST" duration-ms="21532" status="PASS">
          <reporter-output>
          </reporter-output>
        </test-method> <!-- pimpage -->
        <test-method signature="pimDetails()[pri:2, instance:loginTestCase.pimTestCase@71e9ddb4]" started-at="2024-02-19T23:20:23 IST" name="pimDetails" finished-at="2024-02-19T23:20:39 IST" duration-ms="15346" status="PASS">
          <reporter-output>
          </reporter-output>
        </test-method> <!-- pimDetails -->
        <test-method is-config="true" signature="teardown()[pri:0, instance:loginTestCase.pimTestCase@71e9ddb4]" started-at="2024-02-19T23:20:39 IST" name="teardown" finished-at="2024-02-19T23:20:39 IST" duration-ms="106" status="PASS">
          <reporter-output>
          </reporter-output>
        </test-method> <!-- teardown -->
      </class> <!-- loginTestCase.pimTestCase -->
    </test> <!-- pimTestCase -->
    <test started-at="2024-02-19T23:20:39 IST" name="helpPageTestCase" finished-at="2024-02-19T23:20:53 IST" duration-ms="14348">
      <class name="loginTestCase.helpPageTestCase">
        <test-method is-config="true" signature="setup(java.lang.String)[pri:0, instance:loginTestCase.helpPageTestCase@1190200a]" started-at="2024-02-19T23:20:39 IST" name="setup" finished-at="2024-02-19T23:20:44 IST" duration-ms="4788" status="PASS">
          <params>
            <param index="0">
              <value>
                <![CDATA[Chrome]]>
              </value>
            </param>
          </params>
          <reporter-output>
          </reporter-output>
        </test-method> <!-- setup -->
        <test-method signature="windowoperation()[pri:0, instance:loginTestCase.helpPageTestCase@1190200a]" started-at="2024-02-19T23:20:44 IST" name="windowoperation" finished-at="2024-02-19T23:20:53 IST" duration-ms="9475" status="PASS">
          <reporter-output>
          </reporter-output>
        </test-method> <!-- windowoperation -->
        <test-method is-config="true" signature="teardown()[pri:0, instance:loginTestCase.helpPageTestCase@1190200a]" started-at="2024-02-19T23:20:53 IST" name="teardown" finished-at="2024-02-19T23:20:53 IST" duration-ms="80" status="PASS">
          <reporter-output>
          </reporter-output>
        </test-method> <!-- teardown -->
      </class> <!-- loginTestCase.helpPageTestCase -->
    </test> <!-- helpPageTestCase -->
  </suite> <!-- Suite -->
</testng-results>
